<?xml version="1.0" encoding="UTF-8"?>
<!-- Generated by org.testng.reporters.JUnitXMLReporter -->
<testsuite ignored="0" hostname="DESKTOP-T1CP2B2" failures="1" tests="28" name="Default test" time="178.019" errors="0" timestamp="2023-09-29T13:38:15 IST">
  <testcase classname="org.rocketfinapp.baseapk.smokescriptinvestor" name="signup" time="5.797"/>
  <testcase classname="org.rocketfinapp.baseapk.smokescriptinvestor" name="landingpageslides" time="13.038"/>
  <testcase classname="org.rocketfinapp.baseapk.smokescriptinvestor" name="permissionspage" time="15.344"/>
  <testcase classname="org.rocketfinapp.baseapk.smokescriptinvestor" name="termspage" time="7.093"/>
  <testcase classname="org.rocketfinapp.baseapk.smokescriptinvestor" name="mobilenumberpage" time="12.679"/>
  <testcase classname="org.rocketfinapp.baseapk.smokescriptinvestor" name="mobileotppage" time="9.217"/>
  <testcase classname="org.rocketfinapp.baseapk.smokescriptinvestor" name="setpinpage" time="8.096"/>
  <testcase classname="org.rocketfinapp.baseapk.smokescriptinvestor" name="confirmpinpage" time="8.148"/>
  <testcase classname="org.rocketfinapp.baseapk.smokescriptinvestor" name="Eligibilitypage" time="2.55"/>
  <testcase classname="org.rocketfinapp.baseapk.smokescriptinvestor" name="Aadharpage" time="6.882"/>
  <testcase classname="org.rocketfinapp.baseapk.smokescriptinvestor" name="Aadharotppage" time="7.404"/>
  <testcase classname="org.rocketfinapp.baseapk.smokescriptinvestor" name="PANpage" time="8.545"/>
  <testcase classname="org.rocketfinapp.baseapk.smokescriptinvestor" name="selectaccountspage" time="6.748"/>
  <testcase classname="org.rocketfinapp.baseapk.smokescriptinvestor" name="bankotpverify" time="8.11"/>
  <testcase classname="org.rocketfinapp.baseapk.smokescriptinvestor" name="AddEmailpage" time="4.895"/>
  <testcase classname="org.rocketfinapp.baseapk.smokescriptinvestor" name="EmailVerificationpage" time="6.488"/>
  <testcase classname="org.rocketfinapp.baseapk.smokescriptinvestor" name="Addresspage" time="7.953"/>
  <testcase classname="org.rocketfinapp.baseapk.smokescriptinvestor" name="selfiepage" time="18.694"/>
  <testcase classname="org.rocketfinapp.baseapk.smokescriptinvestor" name="Labelloanpage" time="20.158">
    <failure type="org.openqa.selenium.NoSuchElementException" message="An element could not be located on the page using the given search parameters.
For documentation on this error, please visit: https://selenium.dev/exceptions/#no_such_element
Build info: version: &amp;apos;4.6.0&amp;apos;, revision: &amp;apos;79f1c02ae20&amp;apos;
System info: os.name: &amp;apos;Windows 10&amp;apos;, os.arch: &amp;apos;amd64&amp;apos;, os.version: &amp;apos;10.0&amp;apos;, java.version: &amp;apos;17.0.7&amp;apos;
Driver info: io.appium.java_client.android.AndroidDriver
Command: [f8b746c7-799c-4bff-badc-5122d048d43f, findElement {using=class name, value=android.widget.EditText}]
Capabilities {appium:PlatformVersion: 12.0, appium:app: F:\Mobile_testingAutomation..., appium:appPackage: in.rocketfin.starter, appium:automationName: UIAutomator2, appium:databaseEnabled: false, appium:desired: {PlatformVersion: 12.0, app: F:\Mobile_testingAutomation..., automationName: UIAutomator2, deviceName: samsung SM-M317F, platformName: android}, appium:deviceApiLevel: 31, appium:deviceManufacturer: samsung, appium:deviceModel: SM-M317F, appium:deviceName: adb-RZ8N922GAJK-Nm9bWD._adb..., appium:deviceScreenDensity: 450, appium:deviceScreenSize: 1080x2400, appium:deviceUDID: adb-RZ8N922GAJK-Nm9bWD._adb..., appium:javascriptEnabled: true, appium:locationContextEnabled: false, appium:networkConnectionEnabled: true, appium:pixelRatio: 2.8125, appium:platformVersion: 12, appium:statBarHeight: 87, appium:takesScreenshot: true, appium:viewportRect: {height: 2090, left: 0, top: 87, width: 1080}, appium:warnings: {}, appium:webStorageEnabled: false, platformName: ANDROID}
Session ID: f8b746c7-799c-4bff-badc-5122d048d43f">
      <![CDATA[org.openqa.selenium.NoSuchElementException: An element could not be located on the page using the given search parameters.
For documentation on this error, please visit: https://selenium.dev/exceptions/#no_such_element
Build info: version: '4.6.0', revision: '79f1c02ae20'
System info: os.name: 'Windows 10', os.arch: 'amd64', os.version: '10.0', java.version: '17.0.7'
Driver info: io.appium.java_client.android.AndroidDriver
Command: [f8b746c7-799c-4bff-badc-5122d048d43f, findElement {using=class name, value=android.widget.EditText}]
Capabilities {appium:PlatformVersion: 12.0, appium:app: F:\Mobile_testingAutomation..., appium:appPackage: in.rocketfin.starter, appium:automationName: UIAutomator2, appium:databaseEnabled: false, appium:desired: {PlatformVersion: 12.0, app: F:\Mobile_testingAutomation..., automationName: UIAutomator2, deviceName: samsung SM-M317F, platformName: android}, appium:deviceApiLevel: 31, appium:deviceManufacturer: samsung, appium:deviceModel: SM-M317F, appium:deviceName: adb-RZ8N922GAJK-Nm9bWD._adb..., appium:deviceScreenDensity: 450, appium:deviceScreenSize: 1080x2400, appium:deviceUDID: adb-RZ8N922GAJK-Nm9bWD._adb..., appium:javascriptEnabled: true, appium:locationContextEnabled: false, appium:networkConnectionEnabled: true, appium:pixelRatio: 2.8125, appium:platformVersion: 12, appium:statBarHeight: 87, appium:takesScreenshot: true, appium:viewportRect: {height: 2090, left: 0, top: 87, width: 1080}, appium:warnings: {}, appium:webStorageEnabled: false, platformName: ANDROID}
Session ID: f8b746c7-799c-4bff-badc-5122d048d43f
at java.base/jdk.internal.reflect.NativeConstructorAccessorImpl.newInstance0(Native Method)
at java.base/jdk.internal.reflect.NativeConstructorAccessorImpl.newInstance(NativeConstructorAccessorImpl.java:77)
at java.base/jdk.internal.reflect.DelegatingConstructorAccessorImpl.newInstance(DelegatingConstructorAccessorImpl.java:45)
at java.base/java.lang.reflect.Constructor.newInstanceWithCaller(Constructor.java:499)
at java.base/java.lang.reflect.Constructor.newInstance(Constructor.java:480)
at org.openqa.selenium.remote.codec.w3c.W3CHttpResponseCodec.createException(W3CHttpResponseCodec.java:200)
at org.openqa.selenium.remote.codec.w3c.W3CHttpResponseCodec.decode(W3CHttpResponseCodec.java:133)
at org.openqa.selenium.remote.codec.w3c.W3CHttpResponseCodec.decode(W3CHttpResponseCodec.java:53)
at org.openqa.selenium.remote.HttpCommandExecutor.execute(HttpCommandExecutor.java:184)
at io.appium.java_client.remote.AppiumCommandExecutor.execute(AppiumCommandExecutor.java:180)
at org.openqa.selenium.remote.RemoteWebDriver.execute(RemoteWebDriver.java:541)
at org.openqa.selenium.remote.ElementLocation$ElementFinder$2.findElement(ElementLocation.java:162)
at org.openqa.selenium.remote.ElementLocation.findElement(ElementLocation.java:60)
at org.openqa.selenium.remote.RemoteWebDriver.findElement(RemoteWebDriver.java:365)
at org.openqa.selenium.remote.RemoteWebDriver.findElement(RemoteWebDriver.java:357)
at org.rocketfinapp.baseapk.smokescriptinvestor.Labelloanpage(smokescriptinvestor.java:277)
at java.base/jdk.internal.reflect.NativeMethodAccessorImpl.invoke0(Native Method)
at java.base/jdk.internal.reflect.NativeMethodAccessorImpl.invoke(NativeMethodAccessorImpl.java:77)
at java.base/jdk.internal.reflect.DelegatingMethodAccessorImpl.invoke(DelegatingMethodAccessorImpl.java:43)
at java.base/java.lang.reflect.Method.invoke(Method.java:568)
at org.testng.internal.invokers.MethodInvocationHelper.invokeMethod(MethodInvocationHelper.java:139)
at org.testng.internal.invokers.TestInvoker.invokeMethod(TestInvoker.java:664)
at org.testng.internal.invokers.TestInvoker.invokeTestMethod(TestInvoker.java:227)
at org.testng.internal.invokers.MethodRunner.runInSequence(MethodRunner.java:50)
at org.testng.internal.invokers.TestInvoker$MethodInvocationAgent.invoke(TestInvoker.java:957)
at org.testng.internal.invokers.TestInvoker.invokeTestMethods(TestInvoker.java:200)
at org.testng.internal.invokers.TestMethodWorker.invokeTestMethods(TestMethodWorker.java:148)
at org.testng.internal.invokers.TestMethodWorker.run(TestMethodWorker.java:128)
at java.base/java.util.ArrayList.forEach(ArrayList.java:1511)
at org.testng.TestRunner.privateRun(TestRunner.java:848)
at org.testng.TestRunner.run(TestRunner.java:621)
at org.testng.SuiteRunner.runTest(SuiteRunner.java:443)
at org.testng.SuiteRunner.runSequentially(SuiteRunner.java:437)
at org.testng.SuiteRunner.privateRun(SuiteRunner.java:397)
at org.testng.SuiteRunner.run(SuiteRunner.java:336)
at org.testng.SuiteRunnerWorker.runSuite(SuiteRunnerWorker.java:52)
at org.testng.SuiteRunnerWorker.run(SuiteRunnerWorker.java:95)
at org.testng.TestNG.runSuitesSequentially(TestNG.java:1280)
at org.testng.TestNG.runSuitesLocally(TestNG.java:1200)
at org.testng.TestNG.runSuites(TestNG.java:1114)
at org.testng.TestNG.run(TestNG.java:1082)
at org.testng.remote.AbstractRemoteTestNG.run(AbstractRemoteTestNG.java:115)
at org.testng.remote.RemoteTestNG.initAndRun(RemoteTestNG.java:251)
at org.testng.remote.RemoteTestNG.main(RemoteTestNG.java:77)
]]>
    </failure>
  </testcase> <!-- Labelloanpage -->
  <testcase classname="org.rocketfinapp.baseapk.smokescriptinvestor" name="selectplan" time="0.0">
    <skipped/>
  </testcase> <!-- selectplan -->
  <testcase classname="org.rocketfinapp.baseapk.smokescriptinvestor" name="Occupationpage" time="0.0">
    <skipped/>
  </testcase> <!-- Occupationpage -->
  <testcase classname="org.rocketfinapp.baseapk.smokescriptinvestor" name="eNACHagreementpage" time="0.0">
    <skipped/>
  </testcase> <!-- eNACHagreementpage -->
  <testcase classname="org.rocketfinapp.baseapk.smokescriptinvestor" name="Depositaccountpage" time="0.0">
    <skipped/>
  </testcase> <!-- Depositaccountpage -->
  <testcase classname="org.rocketfinapp.baseapk.smokescriptinvestor" name="proofofincomepage" time="0.0">
    <skipped/>
  </testcase> <!-- proofofincomepage -->
  <testcase classname="org.rocketfinapp.baseapk.smokescriptinvestor" name="Paymentpage" time="0.0">
    <skipped/>
  </testcase> <!-- Paymentpage -->
  <testcase classname="org.rocketfinapp.baseapk.smokescriptinvestor" name="DebitCarddetails" time="0.0">
    <skipped/>
  </testcase> <!-- DebitCarddetails -->
  <testcase classname="org.rocketfinapp.baseapk.smokescriptinvestor" name="Alldonepage" time="0.0">
    <skipped/>
  </testcase> <!-- Alldonepage -->
  <testcase classname="org.rocketfinapp.baseapk.smokescriptinvestor" name="Dashboardpage" time="0.0">
    <skipped/>
  </testcase> <!-- Dashboardpage -->
</testsuite> <!-- Default test -->
