<?xml version="1.0" encoding="UTF-8"?>
<!-- Generated by org.testng.reporters.JUnitXMLReporter -->
<testsuite ignored="0" hostname="DESKTOP-T1CP2B2" failures="1" tests="6" name="SelectAccountsPage" time="43.899" errors="0" timestamp="2023-09-28T19:07:12 IST">
  <testcase classname="org.rocketfinapp.baseapk.SelectAccountsPage" name="SelectAccountsPage_Title" time="5.82"/>
  <testcase classname="org.rocketfinapp.baseapk.SelectAccountsPage" name="VerifybankaccCheckbox_isselected" time="4.993"/>
  <testcase classname="org.rocketfinapp.baseapk.SelectAccountsPage" name="Submitbutton_WithoutinputOTP" time="2.338"/>
  <testcase classname="org.rocketfinapp.baseapk.SelectAccountsPage" name="Submitbutton_WithinputOTP" time="3.219"/>
  <testcase classname="org.rocketfinapp.baseapk.SelectAccountsPage" name="Validaccountselected" time="4.181"/>
  <testcase classname="org.rocketfinapp.baseapk.SelectAccountsPage" name="CannotfindyouraccountTryUPI_Link_text" time="23.319">
    <failure type="org.openqa.selenium.NoSuchElementException" message="An element could not be located on the page using the given search parameters.
For documentation on this error, please visit: https://selenium.dev/exceptions/#no_such_element
Build info: version: &amp;apos;4.6.0&amp;apos;, revision: &amp;apos;79f1c02ae20&amp;apos;
System info: os.name: &amp;apos;Windows 10&amp;apos;, os.arch: &amp;apos;amd64&amp;apos;, os.version: &amp;apos;10.0&amp;apos;, java.version: &amp;apos;17.0.7&amp;apos;
Driver info: io.appium.java_client.android.AndroidDriver
Command: [19b1fc8e-a2d8-4815-9e80-f73cba3e0409, findElement {using=xpath, value=//android.widget.TextView[@text=&amp;apos;Cannot find your account ?
Try UPI ➜&amp;apos;]}]
Capabilities {appium:PlatformVersion: 12.0, appium:app: F:\Mobile_testingAutomation..., appium:appPackage: in.rocketfin.starter, appium:automationName: UIAutomator2, appium:databaseEnabled: false, appium:desired: {PlatformVersion: 12.0, app: F:\Mobile_testingAutomation..., automationName: UIAutomator2, deviceName: samsung SM-M317F, platformName: android}, appium:deviceApiLevel: 31, appium:deviceManufacturer: samsung, appium:deviceModel: SM-M317F, appium:deviceName: adb-RZ8N922GAJK-Nm9bWD._adb..., appium:deviceScreenDensity: 450, appium:deviceScreenSize: 1080x2400, appium:deviceUDID: adb-RZ8N922GAJK-Nm9bWD._adb..., appium:javascriptEnabled: true, appium:locationContextEnabled: false, appium:networkConnectionEnabled: true, appium:pixelRatio: 2.8125, appium:platformVersion: 12, appium:statBarHeight: 87, appium:takesScreenshot: true, appium:viewportRect: {height: 2090, left: 0, top: 87, width: 1080}, appium:warnings: {}, appium:webStorageEnabled: false, platformName: ANDROID}
Session ID: 19b1fc8e-a2d8-4815-9e80-f73cba3e0409">
      <![CDATA[org.openqa.selenium.NoSuchElementException: An element could not be located on the page using the given search parameters.
For documentation on this error, please visit: https://selenium.dev/exceptions/#no_such_element
Build info: version: '4.6.0', revision: '79f1c02ae20'
System info: os.name: 'Windows 10', os.arch: 'amd64', os.version: '10.0', java.version: '17.0.7'
Driver info: io.appium.java_client.android.AndroidDriver
Command: [19b1fc8e-a2d8-4815-9e80-f73cba3e0409, findElement {using=xpath, value=//android.widget.TextView[@text='Cannot find your account ?
Try UPI ➜']}]
Capabilities {appium:PlatformVersion: 12.0, appium:app: F:\Mobile_testingAutomation..., appium:appPackage: in.rocketfin.starter, appium:automationName: UIAutomator2, appium:databaseEnabled: false, appium:desired: {PlatformVersion: 12.0, app: F:\Mobile_testingAutomation..., automationName: UIAutomator2, deviceName: samsung SM-M317F, platformName: android}, appium:deviceApiLevel: 31, appium:deviceManufacturer: samsung, appium:deviceModel: SM-M317F, appium:deviceName: adb-RZ8N922GAJK-Nm9bWD._adb..., appium:deviceScreenDensity: 450, appium:deviceScreenSize: 1080x2400, appium:deviceUDID: adb-RZ8N922GAJK-Nm9bWD._adb..., appium:javascriptEnabled: true, appium:locationContextEnabled: false, appium:networkConnectionEnabled: true, appium:pixelRatio: 2.8125, appium:platformVersion: 12, appium:statBarHeight: 87, appium:takesScreenshot: true, appium:viewportRect: {height: 2090, left: 0, top: 87, width: 1080}, appium:warnings: {}, appium:webStorageEnabled: false, platformName: ANDROID}
Session ID: 19b1fc8e-a2d8-4815-9e80-f73cba3e0409
at org.openqa.selenium.remote.codec.w3c.W3CHttpResponseCodec.createException(W3CHttpResponseCodec.java:200)
at org.openqa.selenium.remote.codec.w3c.W3CHttpResponseCodec.decode(W3CHttpResponseCodec.java:133)
at org.openqa.selenium.remote.codec.w3c.W3CHttpResponseCodec.decode(W3CHttpResponseCodec.java:53)
at org.openqa.selenium.remote.HttpCommandExecutor.execute(HttpCommandExecutor.java:184)
at io.appium.java_client.remote.AppiumCommandExecutor.execute(AppiumCommandExecutor.java:180)
at org.openqa.selenium.remote.RemoteWebDriver.execute(RemoteWebDriver.java:541)
at org.openqa.selenium.remote.ElementLocation$ElementFinder$2.findElement(ElementLocation.java:162)
at org.openqa.selenium.remote.ElementLocation.findElement(ElementLocation.java:60)
at org.openqa.selenium.remote.RemoteWebDriver.findElement(RemoteWebDriver.java:365)
at org.openqa.selenium.remote.RemoteWebDriver.findElement(RemoteWebDriver.java:357)
at org.rocketfinapp.baseapk.SelectAccountsPage.CannotfindyouraccountTryUPI_Link_text(SelectAccountsPage.java:70)
at java.base/java.util.ArrayList.forEach(ArrayList.java:1511)
... Removed 32 stack frames]]>
    </failure>
  </testcase> <!-- CannotfindyouraccountTryUPI_Link_text -->
</testsuite> <!-- SelectAccountsPage -->
