<?xml version="1.0" encoding="UTF-8"?>
<!-- Generated by org.testng.reporters.JUnitReportReporter -->
<testsuite hostname="DESKTOP-T1CP2B2" failures="0" tests="29" name="org.rocketfinapp.baseapk.smokescript" time="225.649" errors="1" timestamp="2023-09-20T14:57:30 IST" skipped="9">
  <testcase classname="org.rocketfinapp.baseapk.smokescript" name="selectplan" time="0.000">
    <skipped/>
  </testcase> <!-- selectplan -->
  <testcase classname="org.rocketfinapp.baseapk.smokescript" name="PANpage" time="8.831"/>
  <testcase classname="org.rocketfinapp.baseapk.smokescript" name="Depositaccountpage" time="0.000">
    <skipped/>
  </testcase> <!-- Depositaccountpage -->
  <testcase classname="org.rocketfinapp.baseapk.smokescript" name="Addresspage" time="8.138"/>
  <testcase classname="org.rocketfinapp.baseapk.smokescript" name="DebitCarddetails" time="0.000">
    <skipped/>
  </testcase> <!-- DebitCarddetails -->
  <testcase classname="org.rocketfinapp.baseapk.smokescript" name="setpinpage" time="7.914"/>
  <testcase classname="org.rocketfinapp.baseapk.smokescript" name="selectaccountspage" time="6.934"/>
  <testcase classname="org.rocketfinapp.baseapk.smokescript" name="Paymentpage" time="0.000">
    <skipped/>
  </testcase> <!-- Paymentpage -->
  <testcase classname="org.rocketfinapp.baseapk.smokescript" name="AddEmailpage" time="5.202"/>
  <testcase classname="org.rocketfinapp.baseapk.smokescript" name="Eligibilitypage" time="2.574"/>
  <testcase classname="org.rocketfinapp.baseapk.smokescript" name="Aadharotppage" time="7.992"/>
  <testcase classname="org.rocketfinapp.baseapk.smokescript" name="Dashboardpage" time="0.000">
    <skipped/>
  </testcase> <!-- Dashboardpage -->
  <testcase classname="org.rocketfinapp.baseapk.smokescript" name="configureappium" time="57.852"/>
  <testcase classname="org.rocketfinapp.baseapk.smokescript" name="termspage" time="6.982"/>
  <testcase classname="org.rocketfinapp.baseapk.smokescript" name="Alldonepage" time="0.000">
    <skipped/>
  </testcase> <!-- Alldonepage -->
  <testcase classname="org.rocketfinapp.baseapk.smokescript" name="selfiepage" time="21.818"/>
  <testcase classname="org.rocketfinapp.baseapk.smokescript" name="proofofincomepage" time="0.000">
    <skipped/>
  </testcase> <!-- proofofincomepage -->
  <testcase classname="org.rocketfinapp.baseapk.smokescript" name="bankotpverify" time="7.862"/>
  <testcase classname="org.rocketfinapp.baseapk.smokescript" name="mobileotppage" time="8.607"/>
  <testcase classname="org.rocketfinapp.baseapk.smokescript" name="Labelloanpage" time="15.201">
    <error message="An element could not be located on the page using the given search parameters.
For documentation on this error, please visit: https://selenium.dev/exceptions/#no_such_element
Build info: version: &#039;4.6.0&#039;, revision: &#039;79f1c02ae20&#039;
System info: os.name: &#039;Windows 10&#039;, os.arch: &#039;amd64&#039;, os.version: &#039;10.0&#039;, java.version: &#039;17.0.7&#039;
Driver info: io.appium.java_client.android.AndroidDriver
Command: [17d4dd02-f954-41ff-b5d9-20a466ca33c3, findElement {using=class name, value=android.widget.EditText}]
Capabilities {appium:PlatformVersion: 12.0, appium:app: F:\Mobile_testingAutomation..., appium:appPackage: in.rocketfin.starter, appium:automationName: UIAutomator2, appium:databaseEnabled: false, appium:desired: {PlatformVersion: 12.0, app: F:\Mobile_testingAutomation..., automationName: UIAutomator2, deviceName: samsung SM-M317F, platformName: android}, appium:deviceApiLevel: 31, appium:deviceManufacturer: samsung, appium:deviceModel: SM-M317F, appium:deviceName: adb-RZ8N922GAJK-Nm9bWD._adb..., appium:deviceScreenDensity: 450, appium:deviceScreenSize: 1080x2400, appium:deviceUDID: adb-RZ8N922GAJK-Nm9bWD._adb..., appium:javascriptEnabled: true, appium:locationContextEnabled: false, appium:networkConnectionEnabled: true, appium:pixelRatio: 2.8125, appium:platformVersion: 12, appium:statBarHeight: 87, appium:takesScreenshot: true, appium:viewportRect: {height: 2090, left: 0, top: 87, width: 1080}, appium:warnings: {}, appium:webStorageEnabled: false, platformName: ANDROID}
Session ID: 17d4dd02-f954-41ff-b5d9-20a466ca33c3" type="org.openqa.selenium.NoSuchElementException">
      <![CDATA[org.openqa.selenium.NoSuchElementException: An element could not be located on the page using the given search parameters.
For documentation on this error, please visit: https://selenium.dev/exceptions/#no_such_element
Build info: version: '4.6.0', revision: '79f1c02ae20'
System info: os.name: 'Windows 10', os.arch: 'amd64', os.version: '10.0', java.version: '17.0.7'
Driver info: io.appium.java_client.android.AndroidDriver
Command: [17d4dd02-f954-41ff-b5d9-20a466ca33c3, findElement {using=class name, value=android.widget.EditText}]
Capabilities {appium:PlatformVersion: 12.0, appium:app: F:\Mobile_testingAutomation..., appium:appPackage: in.rocketfin.starter, appium:automationName: UIAutomator2, appium:databaseEnabled: false, appium:desired: {PlatformVersion: 12.0, app: F:\Mobile_testingAutomation..., automationName: UIAutomator2, deviceName: samsung SM-M317F, platformName: android}, appium:deviceApiLevel: 31, appium:deviceManufacturer: samsung, appium:deviceModel: SM-M317F, appium:deviceName: adb-RZ8N922GAJK-Nm9bWD._adb..., appium:deviceScreenDensity: 450, appium:deviceScreenSize: 1080x2400, appium:deviceUDID: adb-RZ8N922GAJK-Nm9bWD._adb..., appium:javascriptEnabled: true, appium:locationContextEnabled: false, appium:networkConnectionEnabled: true, appium:pixelRatio: 2.8125, appium:platformVersion: 12, appium:statBarHeight: 87, appium:takesScreenshot: true, appium:viewportRect: {height: 2090, left: 0, top: 87, width: 1080}, appium:warnings: {}, appium:webStorageEnabled: false, platformName: ANDROID}
Session ID: 17d4dd02-f954-41ff-b5d9-20a466ca33c3
at java.base/jdk.internal.reflect.NativeConstructorAccessorImpl.newInstance0(Native Method)
at java.base/jdk.internal.reflect.NativeConstructorAccessorImpl.newInstance(NativeConstructorAccessorImpl.java:77)
at java.base/jdk.internal.reflect.DelegatingConstructorAccessorImpl.newInstance(DelegatingConstructorAccessorImpl.java:45)
at java.base/java.lang.reflect.Constructor.newInstanceWithCaller(Constructor.java:499)
at java.base/java.lang.reflect.Constructor.newInstance(Constructor.java:480)
at org.openqa.selenium.remote.codec.w3c.W3CHttpResponseCodec.createException(W3CHttpResponseCodec.java:200)
at org.openqa.selenium.remote.codec.w3c.W3CHttpResponseCodec.decode(W3CHttpResponseCodec.java:133)
at org.openqa.selenium.remote.codec.w3c.W3CHttpResponseCodec.decode(W3CHttpResponseCodec.java:53)
at org.openqa.selenium.remote.HttpCommandExecutor.execute(HttpCommandExecutor.java:184)
at io.appium.java_client.remote.AppiumCommandExecutor.execute(AppiumCommandExecutor.java:180)
at org.openqa.selenium.remote.RemoteWebDriver.execute(RemoteWebDriver.java:541)
at org.openqa.selenium.remote.ElementLocation$ElementFinder$2.findElement(ElementLocation.java:162)
at org.openqa.selenium.remote.ElementLocation.findElement(ElementLocation.java:60)
at org.openqa.selenium.remote.RemoteWebDriver.findElement(RemoteWebDriver.java:365)
at org.openqa.selenium.remote.RemoteWebDriver.findElement(RemoteWebDriver.java:357)
at org.rocketfinapp.baseapk.smokescript.Labelloanpage(smokescript.java:275)
at java.base/jdk.internal.reflect.NativeMethodAccessorImpl.invoke0(Native Method)
at java.base/jdk.internal.reflect.NativeMethodAccessorImpl.invoke(NativeMethodAccessorImpl.java:77)
at java.base/jdk.internal.reflect.DelegatingMethodAccessorImpl.invoke(DelegatingMethodAccessorImpl.java:43)
at java.base/java.lang.reflect.Method.invoke(Method.java:568)
at org.testng.internal.invokers.MethodInvocationHelper.invokeMethod(MethodInvocationHelper.java:139)
at org.testng.internal.invokers.TestInvoker.invokeMethod(TestInvoker.java:664)
at org.testng.internal.invokers.TestInvoker.invokeTestMethod(TestInvoker.java:227)
at org.testng.internal.invokers.MethodRunner.runInSequence(MethodRunner.java:50)
at org.testng.internal.invokers.TestInvoker$MethodInvocationAgent.invoke(TestInvoker.java:957)
at org.testng.internal.invokers.TestInvoker.invokeTestMethods(TestInvoker.java:200)
at org.testng.internal.invokers.TestMethodWorker.invokeTestMethods(TestMethodWorker.java:148)
at org.testng.internal.invokers.TestMethodWorker.run(TestMethodWorker.java:128)
at java.base/java.util.ArrayList.forEach(ArrayList.java:1511)
at org.testng.TestRunner.privateRun(TestRunner.java:848)
at org.testng.TestRunner.run(TestRunner.java:621)
at org.testng.SuiteRunner.runTest(SuiteRunner.java:443)
at org.testng.SuiteRunner.runSequentially(SuiteRunner.java:437)
at org.testng.SuiteRunner.privateRun(SuiteRunner.java:397)
at org.testng.SuiteRunner.run(SuiteRunner.java:336)
at org.testng.SuiteRunnerWorker.runSuite(SuiteRunnerWorker.java:52)
at org.testng.SuiteRunnerWorker.run(SuiteRunnerWorker.java:95)
at org.testng.TestNG.runSuitesSequentially(TestNG.java:1280)
at org.testng.TestNG.runSuitesLocally(TestNG.java:1200)
at org.testng.TestNG.runSuites(TestNG.java:1114)
at org.testng.TestNG.run(TestNG.java:1082)
at org.testng.remote.AbstractRemoteTestNG.run(AbstractRemoteTestNG.java:115)
at org.testng.remote.RemoteTestNG.initAndRun(RemoteTestNG.java:251)
at org.testng.remote.RemoteTestNG.main(RemoteTestNG.java:77)
]]>
    </error>
  </testcase> <!-- Labelloanpage -->
  <testcase classname="org.rocketfinapp.baseapk.smokescript" name="permissionspage" time="7.140"/>
  <testcase classname="org.rocketfinapp.baseapk.smokescript" name="Occupationpage" time="0.000">
    <skipped/>
  </testcase> <!-- Occupationpage -->
  <testcase classname="org.rocketfinapp.baseapk.smokescript" name="mobilenumberpage" time="12.696"/>
  <testcase classname="org.rocketfinapp.baseapk.smokescript" name="eNACHagreementpage" time="0.000">
    <skipped/>
  </testcase> <!-- eNACHagreementpage -->
  <testcase classname="org.rocketfinapp.baseapk.smokescript" name="signup" time="6.102"/>
  <testcase classname="org.rocketfinapp.baseapk.smokescript" name="confirmpinpage" time="7.661"/>
  <testcase classname="org.rocketfinapp.baseapk.smokescript" name="EmailVerificationpage" time="6.294"/>
  <testcase classname="org.rocketfinapp.baseapk.smokescript" name="landingpage" time="12.815"/>
  <testcase classname="org.rocketfinapp.baseapk.smokescript" name="Aadharpage" time="7.034"/>
</testsuite> <!-- org.rocketfinapp.baseapk.smokescript -->
