<?xml version="1.0" encoding="UTF-8"?>
<!-- Generated by org.testng.reporters.JUnitReportReporter -->
<testsuite hostname="DESKTOP-T1CP2B2" failures="0" tests="6" name="org.rocketfinapp.baseapk.AddressPage" time="21.697" errors="1" timestamp="2023-09-28T19:13:32 IST" skipped="0">
  <testcase classname="org.rocketfinapp.baseapk.AddressPage" name="tear_Down" time="2.605">
    <error message="Connection refused: no further information
Build info: version: &#039;4.6.0&#039;, revision: &#039;79f1c02ae20&#039;
System info: os.name: &#039;Windows 10&#039;, os.arch: &#039;amd64&#039;, os.version: &#039;10.0&#039;, java.version: &#039;17.0.7&#039;
Driver info: io.appium.java_client.android.AndroidDriver
Command: [19b1fc8e-a2d8-4815-9e80-f73cba3e0409, quit {}]
Capabilities {appium:PlatformVersion: 12.0, appium:app: F:\Mobile_testingAutomation..., appium:appPackage: in.rocketfin.starter, appium:automationName: UIAutomator2, appium:databaseEnabled: false, appium:desired: {PlatformVersion: 12.0, app: F:\Mobile_testingAutomation..., automationName: UIAutomator2, deviceName: samsung SM-M317F, platformName: android}, appium:deviceApiLevel: 31, appium:deviceManufacturer: samsung, appium:deviceModel: SM-M317F, appium:deviceName: adb-RZ8N922GAJK-Nm9bWD._adb..., appium:deviceScreenDensity: 450, appium:deviceScreenSize: 1080x2400, appium:deviceUDID: adb-RZ8N922GAJK-Nm9bWD._adb..., appium:javascriptEnabled: true, appium:locationContextEnabled: false, appium:networkConnectionEnabled: true, appium:pixelRatio: 2.8125, appium:platformVersion: 12, appium:statBarHeight: 87, appium:takesScreenshot: true, appium:viewportRect: {height: 2090, left: 0, top: 87, width: 1080}, appium:warnings: {}, appium:webStorageEnabled: false, platformName: ANDROID}
Session ID: 19b1fc8e-a2d8-4815-9e80-f73cba3e0409" type="org.openqa.selenium.WebDriverException">
      <![CDATA[org.openqa.selenium.WebDriverException: Connection refused: no further information
Build info: version: '4.6.0', revision: '79f1c02ae20'
System info: os.name: 'Windows 10', os.arch: 'amd64', os.version: '10.0', java.version: '17.0.7'
Driver info: io.appium.java_client.android.AndroidDriver
Command: [19b1fc8e-a2d8-4815-9e80-f73cba3e0409, quit {}]
Capabilities {appium:PlatformVersion: 12.0, appium:app: F:\Mobile_testingAutomation..., appium:appPackage: in.rocketfin.starter, appium:automationName: UIAutomator2, appium:databaseEnabled: false, appium:desired: {PlatformVersion: 12.0, app: F:\Mobile_testingAutomation..., automationName: UIAutomator2, deviceName: samsung SM-M317F, platformName: android}, appium:deviceApiLevel: 31, appium:deviceManufacturer: samsung, appium:deviceModel: SM-M317F, appium:deviceName: adb-RZ8N922GAJK-Nm9bWD._adb..., appium:deviceScreenDensity: 450, appium:deviceScreenSize: 1080x2400, appium:deviceUDID: adb-RZ8N922GAJK-Nm9bWD._adb..., appium:javascriptEnabled: true, appium:locationContextEnabled: false, appium:networkConnectionEnabled: true, appium:pixelRatio: 2.8125, appium:platformVersion: 12, appium:statBarHeight: 87, appium:takesScreenshot: true, appium:viewportRect: {height: 2090, left: 0, top: 87, width: 1080}, appium:warnings: {}, appium:webStorageEnabled: false, platformName: ANDROID}
Session ID: 19b1fc8e-a2d8-4815-9e80-f73cba3e0409
at io.appium.java_client.remote.AppiumCommandExecutor.lambda$execute$4(AppiumCommandExecutor.java:192)
at java.base/java.util.Optional.orElseGet(Optional.java:364)
at io.appium.java_client.remote.AppiumCommandExecutor.execute(AppiumCommandExecutor.java:191)
at org.openqa.selenium.remote.RemoteWebDriver.execute(RemoteWebDriver.java:541)
at org.openqa.selenium.remote.RemoteWebDriver.execute(RemoteWebDriver.java:596)
at io.appium.java_client.AppiumDriver.execute(AppiumDriver.java:267)
at org.openqa.selenium.remote.RemoteWebDriver.quit(RemoteWebDriver.java:443)
at org.rocketfinapp.baseapk.Basetestrocketfin.tear_Down(Basetestrocketfin.java:101)
at java.base/jdk.internal.reflect.NativeMethodAccessorImpl.invoke0(Native Method)
at java.base/jdk.internal.reflect.NativeMethodAccessorImpl.invoke(NativeMethodAccessorImpl.java:77)
at java.base/jdk.internal.reflect.DelegatingMethodAccessorImpl.invoke(DelegatingMethodAccessorImpl.java:43)
at java.base/java.lang.reflect.Method.invoke(Method.java:568)
at org.testng.internal.invokers.MethodInvocationHelper.invokeMethod(MethodInvocationHelper.java:139)
at org.testng.internal.invokers.MethodInvocationHelper.invokeMethodConsideringTimeout(MethodInvocationHelper.java:69)
at org.testng.internal.invokers.ConfigInvoker.invokeConfigurationMethod(ConfigInvoker.java:390)
at org.testng.internal.invokers.ConfigInvoker.invokeConfigurations(ConfigInvoker.java:325)
at org.testng.SuiteRunner.privateRun(SuiteRunner.java:410)
at org.testng.SuiteRunner.run(SuiteRunner.java:336)
at org.testng.SuiteRunnerWorker.runSuite(SuiteRunnerWorker.java:52)
at org.testng.SuiteRunnerWorker.run(SuiteRunnerWorker.java:95)
at org.testng.TestNG.runSuitesSequentially(TestNG.java:1280)
at org.testng.TestNG.runSuitesLocally(TestNG.java:1200)
at org.testng.TestNG.runSuites(TestNG.java:1114)
at org.testng.TestNG.run(TestNG.java:1082)
at org.testng.remote.AbstractRemoteTestNG.run(AbstractRemoteTestNG.java:115)
at org.testng.remote.RemoteTestNG.initAndRun(RemoteTestNG.java:251)
at org.testng.remote.RemoteTestNG.main(RemoteTestNG.java:77)
Caused by: java.net.ConnectException: Connection refused: no further information
at java.base/sun.nio.ch.Net.pollConnect(Native Method)
at java.base/sun.nio.ch.Net.pollConnectNow(Net.java:672)
at java.base/sun.nio.ch.SocketChannelImpl.finishConnect(SocketChannelImpl.java:946)
at io.netty.channel.socket.nio.NioSocketChannel.doFinishConnect(NioSocketChannel.java:337)
at io.netty.channel.nio.AbstractNioChannel$AbstractNioUnsafe.finishConnect(AbstractNioChannel.java:334)
at io.netty.channel.nio.NioEventLoop.processSelectedKey(NioEventLoop.java:776)
at io.netty.channel.nio.NioEventLoop.processSelectedKeysOptimized(NioEventLoop.java:724)
at io.netty.channel.nio.NioEventLoop.processSelectedKeys(NioEventLoop.java:650)
at io.netty.channel.nio.NioEventLoop.run(NioEventLoop.java:562)
at io.netty.util.concurrent.SingleThreadEventExecutor$4.run(SingleThreadEventExecutor.java:997)
at io.netty.util.internal.ThreadExecutorMap$2.run(ThreadExecutorMap.java:74)
at io.netty.util.concurrent.FastThreadLocalRunnable.run(FastThreadLocalRunnable.java:30)
at java.base/java.lang.Thread.run(Thread.java:833)
]]>
    </error>
  </testcase> <!-- tear_Down -->
  <testcase classname="org.rocketfinapp.baseapk.AddressPage" name="AddressPage_Title" time="2.952"/>
  <testcase classname="org.rocketfinapp.baseapk.AddressPage" name="VerifyAddressCheckbox_isselected" time="4.210"/>
  <testcase classname="org.rocketfinapp.baseapk.AddressPage" name="Choosebutton_WithoutinputOTP" time="2.234"/>
  <testcase classname="org.rocketfinapp.baseapk.AddressPage" name="Choosebutton_WithinputOTP" time="2.939"/>
  <testcase classname="org.rocketfinapp.baseapk.AddressPage" name="Addresspage" time="6.757"/>
</testsuite> <!-- org.rocketfinapp.baseapk.AddressPage -->
